[    0.000000] Initializing cgroup subsys cpuset
[    0.000000] Initializing cgroup subsys cpu
[    0.000000] Initializing cgroup subsys cpuacct
[    0.000000] Linux version 4.4.0-186-generic (buildd@lcy01-amd64-002) (gcc version 5.4.0 20160609 (Ubuntu 5.4.0-6ubuntu1~16.04.12) ) #216-Ubuntu SMP Wed Jul 1 05:34:05 UTC 2020 (Ubuntu 4.4.0-186.216-generic 4.4.228)
[    0.000000] Command line: BOOT_IMAGE=/boot/vmlinuz-4.4.0-186-generic root=LABEL=cloudimg-rootfs ro console=tty1 console=ttyS0
[    0.000000] KERNEL supported cpus:
[    0.000000]   Intel GenuineIntel
[    0.000000]   AMD AuthenticAMD
[    0.000000]   Centaur CentaurHauls
[    0.000000] x86/fpu: xstate_offset[2]:  576, xstate_sizes[2]:  256
[    0.000000] x86/fpu: Supporting XSAVE feature 0x01: 'x87 floating point registers'
[    0.000000] x86/fpu: Supporting XSAVE feature 0x02: 'SSE registers'
[    0.000000] x86/fpu: Supporting XSAVE feature 0x04: 'AVX registers'
[    0.000000] x86/fpu: Enabled xstate features 0x7, context size is 832 bytes, using 'standard' format.
[    0.000000] e820: BIOS-provided physical RAM map:
[    0.000000] BIOS-e820: [mem 0x0000000000000000-0x000000000009fbff] usable
[    0.000000] BIOS-e820: [mem 0x000000000009fc00-0x000000000009ffff] reserved
[    0.000000] BIOS-e820: [mem 0x00000000000f0000-0x00000000000fffff] reserved
[    0.000000] BIOS-e820: [mem 0x0000000000100000-0x000000003ffeffff] usable
[    0.000000] BIOS-e820: [mem 0x000000003fff0000-0x000000003fffffff] ACPI data
[    0.000000] BIOS-e820: [mem 0x00000000fec00000-0x00000000fec00fff] reserved
[    0.000000] BIOS-e820: [mem 0x00000000fee00000-0x00000000fee00fff] reserved
[    0.000000] BIOS-e820: [mem 0x00000000fffc0000-0x00000000ffffffff] reserved
[    0.000000] NX (Execute Disable) protection: active
[    0.000000] SMBIOS 2.5 present.
[    0.000000] Hypervisor detected: KVM
[    0.000000] e820: last_pfn = 0x3fff0 max_arch_pfn = 0x400000000
[    0.000000] MTRR: Disabled
[    0.000000] x86/PAT: MTRRs disabled, skipping PAT initialization too.
[    0.000000] CPU MTRRs all blank - virtualized system.
[    0.000000] x86/PAT: Configuration [0-7]: WB  WT  UC- UC  WB  WT  UC- UC  
[    0.000000] found SMP MP-table at [mem 0x0009fff0-0x0009ffff] mapped at [ffff88000009fff0]
[    0.000000] Scanning 1 areas for low memory corruption
[    0.000000] RAMDISK: [mem 0x362e0000-0x37167fff]
[    0.000000] ACPI: Early table checksum verification disabled
[    0.000000] ACPI: RSDP 0x00000000000E0000 000024 (v02 VBOX  )
[    0.000000] ACPI: XSDT 0x000000003FFF0030 00003C (v01 VBOX   VBOXXSDT 00000001 ASL  00000061)
[    0.000000] ACPI: FACP 0x000000003FFF00F0 0000F4 (v04 VBOX   VBOXFACP 00000001 ASL  00000061)
[    0.000000] ACPI: DSDT 0x000000003FFF0470 002325 (v02 VBOX   VBOXBIOS 00000002 INTL 20100528)
[    0.000000] ACPI: FACS 0x000000003FFF0200 000040
[    0.000000] ACPI: FACS 0x000000003FFF0200 000040
[    0.000000] ACPI: APIC 0x000000003FFF0240 00005C (v02 VBOX   VBOXAPIC 00000001 ASL  00000061)
[    0.000000] ACPI: SSDT 0x000000003FFF02A0 0001CC (v01 VBOX   VBOXCPUT 00000002 INTL 20100528)
[    0.000000] No NUMA configuration found
[    0.000000] Faking a node at [mem 0x0000000000000000-0x000000003ffeffff]
[    0.000000] NODE_DATA(0) allocated [mem 0x3ffeb000-0x3ffeffff]
[    0.000000] kvm-clock: Using msrs 4b564d01 and 4b564d00
[    0.000000] kvm-clock: cpu 0, msr 0:3ffe3001, primary cpu clock
[    0.000000] kvm-clock: using sched offset of 3509773878 cycles
[    0.000000] clocksource: kvm-clock: mask: 0xffffffffffffffff max_cycles: 0x1cd42e4dffb, max_idle_ns: 881590591483 ns
[    0.000000] Zone ranges:
[    0.000000]   DMA      [mem 0x0000000000001000-0x0000000000ffffff]
[    0.000000]   DMA32    [mem 0x0000000001000000-0x000000003ffeffff]
[    0.000000]   Normal   empty
[    0.000000]   Device   empty
[    0.000000] Movable zone start for each node
[    0.000000] Early memory node ranges
[    0.000000]   node   0: [mem 0x0000000000001000-0x000000000009efff]
[    0.000000]   node   0: [mem 0x0000000000100000-0x000000003ffeffff]
[    0.000000] Initmem setup node 0 [mem 0x0000000000001000-0x000000003ffeffff]
[    0.000000] ACPI: PM-Timer IO Port: 0x4008
[    0.000000] IOAPIC[0]: apic_id 2, version 32, address 0xfec00000, GSI 0-23
[    0.000000] ACPI: INT_SRC_OVR (bus 0 bus_irq 0 global_irq 2 dfl dfl)
[    0.000000] ACPI: INT_SRC_OVR (bus 0 bus_irq 9 global_irq 9 low level)
[    0.000000] Using ACPI (MADT) for SMP configuration information
[    0.000000] smpboot: Allowing 2 CPUs, 0 hotplug CPUs
[    0.000000] PM: Registered nosave memory: [mem 0x00000000-0x00000fff]
[    0.000000] PM: Registered nosave memory: [mem 0x0009f000-0x0009ffff]
[    0.000000] PM: Registered nosave memory: [mem 0x000a0000-0x000effff]
[    0.000000] PM: Registered nosave memory: [mem 0x000f0000-0x000fffff]
[    0.000000] e820: [mem 0x40000000-0xfebfffff] available for PCI devices
[    0.000000] Booting paravirtualized kernel on KVM
[    0.000000] clocksource: refined-jiffies: mask: 0xffffffff max_cycles: 0xffffffff, max_idle_ns: 7645519600211568 ns
[    0.000000] setup_percpu: NR_CPUS:512 nr_cpumask_bits:512 nr_cpu_ids:2 nr_node_ids:1
[    0.000000] PERCPU: Embedded 33 pages/cpu @ffff88003fc00000 s95512 r8192 d31464 u1048576
[    0.000000] Built 1 zonelists in Node order, mobility grouping on.  Total pages: 257912
[    0.000000] Policy zone: DMA32
[    0.000000] Kernel command line: BOOT_IMAGE=/boot/vmlinuz-4.4.0-186-generic root=LABEL=cloudimg-rootfs ro console=tty1 console=ttyS0
[    0.000000] PID hash table entries: 4096 (order: 3, 32768 bytes)
[    0.000000] Memory: 997664K/1048120K available (8636K kernel code, 1337K rwdata, 4040K rodata, 1492K init, 1296K bss, 50456K reserved, 0K cma-reserved)
[    0.000000] SLUB: HWalign=64, Order=0-3, MinObjects=0, CPUs=2, Nodes=1
[    0.000000] Kernel/User page tables isolation: enabled
[    0.000000] Hierarchical RCU implementation.
[    0.000000] 	Build-time adjustment of leaf fanout to 64.
[    0.000000] 	RCU restricting CPUs from NR_CPUS=512 to nr_cpu_ids=2.
[    0.000000] RCU: Adjusting geometry for rcu_fanout_leaf=64, nr_cpu_ids=2
[    0.000000] NR_IRQS:33024 nr_irqs:440 16
[    0.000000] Console: colour VGA+ 80x25
[    0.000000] console [tty1] enabled
[    0.000000] console [ttyS0] enabled
[    0.000000] tsc: Detected 2592.000 MHz processor
[    0.197658] Calibrating delay loop (skipped) preset value.. 5184.00 BogoMIPS (lpj=10368000)
[    0.199863] pid_max: default: 32768 minimum: 301
[    0.201216] ACPI: Core revision 20150930
[    0.203677] ACPI: 2 ACPI AML tables successfully acquired and loaded
[    0.205315] Security Framework initialized
[    0.206303] Yama: becoming mindful.
[    0.207280] AppArmor: AppArmor initialized
[    0.208527] Dentry cache hash table entries: 131072 (order: 8, 1048576 bytes)
[    0.219416] Inode-cache hash table entries: 65536 (order: 7, 524288 bytes)
[    0.221461] Mount-cache hash table entries: 2048 (order: 2, 16384 bytes)
[    0.223604] Mountpoint-cache hash table entries: 2048 (order: 2, 16384 bytes)
[    0.225402] Initializing cgroup subsys io
[    0.226509] Initializing cgroup subsys memory
[    0.227574] Initializing cgroup subsys devices
[    0.228962] Initializing cgroup subsys freezer
[    0.230225] Initializing cgroup subsys net_cls
[    0.231545] Initializing cgroup subsys perf_event
[    0.232845] Initializing cgroup subsys net_prio
[    0.234198] Initializing cgroup subsys hugetlb
[    0.235245] Initializing cgroup subsys pids
[    0.237601] mce: CPU supports 0 MCE banks
[    0.238765] Last level iTLB entries: 4KB 64, 2MB 8, 4MB 8
[    0.240044] Last level dTLB entries: 4KB 64, 2MB 0, 4MB 0, 1GB 4
[    0.241392] Spectre V1 : Mitigation: usercopy/swapgs barriers and __user pointer sanitization
[    0.243381] Spectre V2 : Mitigation: Full generic retpoline
[    0.244573] Spectre V2 : Spectre v2 / SpectreRSB mitigation: Filling RSB on context switch
[    0.246780] Speculative Store Bypass: Vulnerable
[    0.247957] SRBDS: Unknown: Dependent on hypervisor status
[    0.249342] MDS: Vulnerable: Clear CPU buffers attempted, no microcode
[    0.253965] Freeing SMP alternatives memory: 36K
[    0.261619] ftrace: allocating 32334 entries in 127 pages
[    0.340631] smpboot: APIC(0) Converting physical 0 to logical package 0
[    0.342822] smpboot: Max logical packages: 1
[    0.344030] x2apic enabled
[    0.345060] Switched APIC routing to physical x2apic.
[    0.348112] ..TIMER: vector=0x30 apic1=0 pin1=2 apic2=-1 pin2=-1
[    0.458215] smpboot: CPU0: Intel(R) Core(TM) i7-6700HQ CPU @ 2.60GHz (family: 0x6, model: 0x5e, stepping: 0x3)
[    0.460784] Performance Events: unsupported p6 CPU model 94 no PMU driver, software events only.
[    0.474045] KVM setup paravirtual spinlock
[    0.475607] x86: Booting SMP configuration:
[    0.476661] .... node  #0, CPUs:      #1
[    0.477847] kvm-clock: cpu 1, msr 0:3ffe3041, secondary cpu clock
[    0.480350] mce: CPU supports 0 MCE banks
[    0.483037] x86: Booted up 1 node, 2 CPUs
[    0.484334] smpboot: Total of 2 processors activated (10368.00 BogoMIPS)
[    0.486700] devtmpfs: initialized
[    0.489212] evm: security.selinux
[    0.490196] evm: security.SMACK64
[    0.491124] evm: security.SMACK64EXEC
[    0.492193] evm: security.SMACK64TRANSMUTE
[    0.493154] evm: security.SMACK64MMAP
[    0.494056] evm: security.ima
[    0.494895] evm: security.capability
[    0.496293] clocksource: jiffies: mask: 0xffffffff max_cycles: 0xffffffff, max_idle_ns: 7645041785100000 ns
[    0.498949] futex hash table entries: 512 (order: 3, 32768 bytes)
[    0.500480] pinctrl core: initialized pinctrl subsystem
[    0.501826] RTC time: 15:19:21, date: 07/27/20
[    0.503277] NET: Registered protocol family 16
[    0.515120] cpuidle: using governor ladder
[    0.527139] cpuidle: using governor menu
[    0.528989] PCCT header not found.
[    0.530176] ACPI: bus type PCI registered
[    0.531155] acpiphp: ACPI Hot Plug PCI Controller Driver version: 0.5
[    0.532716] PCI: Using configuration type 1 for base access
[    0.547975] ACPI: Added _OSI(Module Device)
[    0.549094] ACPI: Added _OSI(Processor Device)
[    0.550347] ACPI: Added _OSI(3.0 _SCP Extensions)
[    0.551564] ACPI: Added _OSI(Processor Aggregator Device)
[    0.553428] ACPI: Executed 1 blocks of module-level executable AML code
[    0.556931] ACPI: Interpreter enabled
[    0.557954] ACPI: (supports S0 S5)
[    0.558899] ACPI: Using IOAPIC for interrupt routing
[    0.560412] PCI: Using host bridge windows from ACPI; if necessary, use "pci=nocrs" and report a bug
[    0.566520] ACPI: PCI Root Bridge [PCI0] (domain 0000 [bus 00-ff])
[    0.568197] acpi PNP0A03:00: _OSC: OS supports [ASPM ClockPM Segments MSI]
[    0.570005] acpi PNP0A03:00: _OSC: not requesting OS control; OS requires [ExtendedConfig ASPM ClockPM MSI]
[    0.572210] acpi PNP0A03:00: fail to add MMCONFIG information, can't access extended PCI configuration space under this bridge.
[    0.575290] PCI host bridge to bus 0000:00
[    0.576283] pci_bus 0000:00: root bus resource [io  0x0000-0x0cf7 window]
[    0.577680] pci_bus 0000:00: root bus resource [io  0x0d00-0xffff window]
[    0.579144] pci_bus 0000:00: root bus resource [mem 0x000a0000-0x000bffff window]
[    0.581062] pci_bus 0000:00: root bus resource [mem 0x40000000-0xfdffffff window]
[    0.583202] pci_bus 0000:00: root bus resource [bus 00-ff]
[    0.586269] pci 0000:00:01.1: legacy IDE quirk: reg 0x10: [io  0x01f0-0x01f7]
[    0.587691] pci 0000:00:01.1: legacy IDE quirk: reg 0x14: [io  0x03f6]
[    0.589149] pci 0000:00:01.1: legacy IDE quirk: reg 0x18: [io  0x0170-0x0177]
[    0.601130] pci 0000:00:01.1: legacy IDE quirk: reg 0x1c: [io  0x0376]
[    0.616166] pci 0000:00:07.0: quirk: [io  0x4000-0x403f] claimed by PIIX4 ACPI
[    0.618205] pci 0000:00:07.0: quirk: [io  0x4100-0x410f] claimed by PIIX4 SMB
[    0.628220] ACPI: PCI Interrupt Link [LNKA] (IRQs 5 9 10 *11)
[    0.630353] ACPI: PCI Interrupt Link [LNKB] (IRQs 5 9 *10 11)
[    0.632481] ACPI: PCI Interrupt Link [LNKC] (IRQs 5 *9 10 11)
[    0.634640] ACPI: PCI Interrupt Link [LNKD] (IRQs 5 9 10 *11)
[    0.636860] ACPI: Enabled 2 GPEs in block 00 to 07
[    0.638458] vgaarb: setting as boot device: PCI:0000:00:02.0
[    0.639757] vgaarb: device added: PCI:0000:00:02.0,decodes=io+mem,owns=io+mem,locks=none
[    0.641532] vgaarb: loaded
[    0.642324] vgaarb: bridge control possible 0000:00:02.0
[    0.643756] SCSI subsystem initialized
[    0.644837] ACPI: bus type USB registered
[    0.646089] usbcore: registered new interface driver usbfs
[    0.647226] usbcore: registered new interface driver hub
[    0.648437] usbcore: registered new device driver usb
[    0.649921] PCI: Using ACPI for IRQ routing
[    0.660533] NetLabel: Initializing
[    0.661459] NetLabel:  domain hash size = 128
[    0.662617] NetLabel:  protocols = UNLABELED CIPSOv4
[    0.663794] NetLabel:  unlabeled traffic allowed by default
[    0.665202] amd_nb: Cannot enumerate AMD northbridges
[    0.666395] clocksource: Switched to clocksource kvm-clock
[    0.691135] AppArmor: AppArmor Filesystem Enabled
[    0.692326] pnp: PnP ACPI init
[    0.693840] pnp: PnP ACPI: found 3 devices
[    0.706409] clocksource: acpi_pm: mask: 0xffffff max_cycles: 0xffffff, max_idle_ns: 2085701024 ns
[    0.708561] NET: Registered protocol family 2
[    0.709754] TCP established hash table entries: 8192 (order: 4, 65536 bytes)
[    0.711223] TCP bind hash table entries: 8192 (order: 5, 131072 bytes)
[    0.712618] TCP: Hash tables configured (established 8192 bind 8192)
[    0.713925] UDP hash table entries: 512 (order: 2, 16384 bytes)
[    0.715242] UDP-Lite hash table entries: 512 (order: 2, 16384 bytes)
[    0.716863] NET: Registered protocol family 1
[    0.718931] pci 0000:00:00.0: Limiting direct PCI/PCI transfers
[    0.720611] pci 0000:00:01.0: Activating ISA DMA hang workarounds
[    0.722007] Unpacking initramfs...
[    1.141060] Freeing initrd memory: 14880K
[    1.142192] clocksource: tsc: mask: 0xffffffffffffffff max_cycles: 0x255cb6cc5db, max_idle_ns: 440795203504 ns
[    1.144748] platform rtc_cmos: registered platform RTC device (no PNP device found)
[    1.146514] Scanning for low memory corruption every 60 seconds
[    1.148144] audit: initializing netlink subsys (disabled)
[    1.149780] audit: type=2000 audit(1595863166.175:1): initialized
[    1.151671] Initialise system trusted keyring
[    1.153075] HugeTLB registered 2 MB page size, pre-allocated 0 pages
[    1.155661] zbud: loaded
[    1.156846] VFS: Disk quotas dquot_6.6.0
[    1.158373] VFS: Dquot-cache hash table entries: 512 (order 0, 4096 bytes)
[    1.160094] squashfs: version 4.0 (2009/01/31) Phillip Lougher
[    1.161628] fuse init (API version 7.23)
[    1.162791] Key type big_key registered
[    1.163744] Allocating IMA MOK and blacklist keyrings.
[    1.168098] Key type asymmetric registered
[    1.169129] Asymmetric key parser 'x509' registered
[    1.170312] Block layer SCSI generic (bsg) driver version 0.4 loaded (major 249)
[    1.172131] io scheduler noop registered
[    1.173081] io scheduler deadline registered (default)
[    1.174211] io scheduler cfq registered
[    1.175270] pci_hotplug: PCI Hot Plug PCI Core version: 0.5
[    1.176442] pciehp: PCI Express Hot Plug Controller Driver version: 0.4
[    1.177871] ACPI: AC Adapter [AC] (on-line)
[    1.178954] input: Power Button as /devices/LNXSYSTM:00/LNXPWRBN:00/input/input0
[    1.180686] ACPI: Power Button [PWRF]
[    1.181800] input: Sleep Button as /devices/LNXSYSTM:00/LNXSLPBN:00/input/input1
[    1.183874] ACPI: Sleep Button [SLPF]
[    1.186450] ACPI: Battery Slot [BAT0] (battery present)
[    1.186508] GHES: HEST is not enabled!
[    1.188973] Serial: 8250/16550 driver, 32 ports, IRQ sharing enabled
[    1.210903] 00:02: ttyS0 at I/O 0x3f8 (irq = 4, base_baud = 115200) is a 16550A
[    1.217603] Linux agpgart interface v0.103
[    1.220897] loop: module loaded
[    1.222292] scsi host0: ata_piix
[    1.223315] scsi host1: ata_piix
[    1.224165] ata1: PATA max UDMA/33 cmd 0x1f0 ctl 0x3f6 bmdma 0xd000 irq 14
[    1.225517] ata2: PATA max UDMA/33 cmd 0x170 ctl 0x376 bmdma 0xd008 irq 15
[    1.227085] libphy: Fixed MDIO Bus: probed
[    1.228054] tun: Universal TUN/TAP device driver, 1.6
[    1.229758] tun: (C) 1999-2004 Max Krasnyansky <maxk@qualcomm.com>
[    1.231145] PPP generic driver version 2.4.2
[    1.232765] ehci_hcd: USB 2.0 'Enhanced' Host Controller (EHCI) Driver
[    1.234350] ehci-pci: EHCI PCI platform driver
[    1.235488] ehci-platform: EHCI generic platform driver
[    1.236765] ohci_hcd: USB 1.1 'Open' Host Controller (OHCI) Driver
[    1.238140] ohci-pci: OHCI PCI platform driver
[    1.239271] ohci-platform: OHCI generic platform driver
[    1.240591] uhci_hcd: USB Universal Host Controller Interface driver
[    1.242132] i8042: PNP: PS/2 Controller [PNP0303:PS2K,PNP0f03:PS2M] at 0x60,0x64 irq 1,12
[    1.244582] serio: i8042 KBD port at 0x60,0x64 irq 1
[    1.246201] serio: i8042 AUX port at 0x60,0x64 irq 12
[    1.247727] mousedev: PS/2 mouse device common for all mice
[    1.250050] input: AT Translated Set 2 keyboard as /devices/platform/i8042/serio0/input/input2
[    1.252658] rtc_cmos rtc_cmos: rtc core: registered rtc_cmos as rtc0
[    1.253990] rtc_cmos rtc_cmos: alarms up to one day, 114 bytes nvram
[    1.255263] i2c /dev entries driver
[    1.256331] device-mapper: uevent: version 1.0.3
[    1.258052] device-mapper: ioctl: 4.34.0-ioctl (2015-10-28) initialised: dm-devel@redhat.com
[    1.260028] ledtrig-cpu: registered to indicate activity on CPUs
[    1.262214] NET: Registered protocol family 10
[    1.263911] NET: Registered protocol family 17
[    1.264955] Key type dns_resolver registered
[    1.267211] registered taskstats version 1
[    1.268187] Loading compiled-in X.509 certificates
[    1.269994] Loaded X.509 cert 'Build time autogenerated kernel key: cef5e81496c0efa51b848ab539e845ddf31c08be'
[    1.272342] zswap: loaded using pool lzo/zbud
[    1.275538] Key type trusted registered
[    1.280308] Key type encrypted registered
[    1.281268] AppArmor: AppArmor sha1 policy hashing enabled
[    1.283087] ima: No TPM chip found, activating TPM-bypass!
[    1.284687] ima: Allocated hash algorithm: sha1
[    1.285886] evm: HMAC attrs: 0x1
[    1.287294]   Magic number: 12:896:336
[    1.288253] tty tty57: hash matches
[    1.289210] rtc_cmos rtc_cmos: setting system clock to 2020-07-27 15:19:21 UTC (1595863161)
[    1.291238] BIOS EDD facility v0.16 2004-Jun-25, 0 devices found
[    1.292936] EDD information not available.
[    1.409834] Freeing unused kernel memory: 1492K
[    1.411264] Write protecting the kernel read-only data: 14336k
[    1.413333] Freeing unused kernel memory: 1592K
[    1.414914] Freeing unused kernel memory: 56K
Loading, please wait...
starting version 229
[    1.428733] random: systemd-udevd: uninitialized urandom read (16 bytes read, 3 bits of entropy available)
[    1.429287] random: udevadm: uninitialized urandom read (16 bytes read, 3 bits of entropy available)
[    1.429302] random: udevadm: uninitialized urandom read (16 bytes read, 3 bits of entropy available)
[    1.437085] random: systemd-udevd: uninitialized urandom read (16 bytes read, 3 bits of entropy available)
[    1.437661] random: udevadm: uninitialized urandom read (16 bytes read, 3 bits of entropy available)
[    1.437698] random: udevadm: uninitialized urandom read (16 bytes read, 3 bits of entropy available)
[    1.437808] random: udevadm: uninitialized urandom read (16 bytes read, 3 bits of entropy available)
[    1.437862] random: udevadm: uninitialized urandom read (16 bytes read, 3 bits of entropy available)
[    1.437946] random: udevadm: uninitialized urandom read (16 bytes read, 3 bits of entropy available)
[    1.438009] random: udevadm: uninitialized urandom read (16 bytes read, 3 bits of entropy available)
[    1.484560] e1000: Intel(R) PRO/1000 Network Driver - version 7.3.21-k8-NAPI
[    1.486141] e1000: Copyright (c) 1999-2006 Intel Corporation.
[    1.487486] Fusion MPT base driver 3.04.20
[    1.488583] Copyright (c) 1999-2008 LSI Corporation
[    1.494002] Fusion MPT SPI Host driver 3.04.20
[    1.515694] AVX2 version of gcm_enc/dec engaged.
[    1.516910] AES CTR mode by8 optimization enabled
[    1.724652] input: ImExPS/2 Generic Explorer Mouse as /devices/platform/i8042/serio1/input/input4
[    2.454143] e1000 0000:00:03.0 eth0: (PCI:33MHz:32-bit) 02:e5:f9:b1:f5:c2
[    2.455732] e1000 0000:00:03.0 eth0: Intel(R) PRO/1000 Network Connection
[    2.458487] mptbase: ioc0: Initiating bringup
[    3.162639] ioc0: LSI53C1030 A0: Capabilities={Initiator}
[    6.445689] scsi host2: ioc0: LSI53C1030 A0, FwRev=00000000h, Ports=1, MaxQ=256, IRQ=20
[    8.446177] scsi 2:0:0:0: Direct-Access     VBOX     HARDDISK         1.0  PQ: 0 ANSI: 5
[    8.448225] scsi target2:0:0: Beginning Domain Validation
[    8.451403] scsi target2:0:0: Domain Validation skipping write tests
[    8.452815] scsi target2:0:0: Ending Domain Validation
[    8.454114] scsi target2:0:0: asynchronous
[    8.455747] scsi 2:0:1:0: Direct-Access     VBOX     HARDDISK         1.0  PQ: 0 ANSI: 5
[    8.457705] scsi target2:0:1: Beginning Domain Validation
[    8.460729] scsi target2:0:1: Domain Validation skipping write tests
[    8.462144] scsi target2:0:1: Ending Domain Validation
[    8.474459] scsi target2:0:1: asynchronous
[    8.502369] sd 2:0:0:0: Attached scsi generic sg0 type 0
[    8.503890] sd 2:0:0:0: [sda] 20971520 512-byte logical blocks: (10.7 GB/10.0 GiB)
[    8.505732] sd 2:0:1:0: Attached scsi generic sg1 type 0
[    8.506998] sd 2:0:1:0: [sdb] 20480 512-byte logical blocks: (10.5 MB/10.0 MiB)
[    8.509073] sd 2:0:0:0: [sda] Write Protect is off
[    8.510241] sd 2:0:1:0: [sdb] Write Protect is off
[    8.511789] sd 2:0:0:0: [sda] Incomplete mode parameter data
[    8.513154] sd 2:0:0:0: [sda] Assuming drive cache: write through
[    8.515158] sd 2:0:1:0: [sdb] Incomplete mode parameter data
[    8.516388] sd 2:0:1:0: [sdb] Assuming drive cache: write through
[    8.523266]  sda: sda1
[    8.531986] sd 2:0:0:0: [sda] Attached SCSI disk
[    8.533673] sd 2:0:1:0: [sdb] Attached SCSI disk
[    9.154510] e1000 0000:00:08.0 eth1: (PCI:33MHz:32-bit) 08:00:27:98:1b:90
[    9.155926] e1000 0000:00:08.0 eth1: Intel(R) PRO/1000 Network Connection
[    9.158097] e1000 0000:00:03.0 enp0s3: renamed from eth0
[    9.179444] e1000 0000:00:08.0 enp0s8: renamed from eth1
Begin: Loading essential drivers ... [   10.766334] md: linear personality registered for level -1
[   10.770659] md: multipath personality registered for level -4
[   10.774276] md: raid0 personality registered for level 0
[   10.780539] md: raid1 personality registered for level 1
[   10.850536] raid6: sse2x1   gen()  7252 MB/s
[   10.918865] raid6: sse2x1   xor()  6979 MB/s
[   10.987156] raid6: sse2x2   gen()  9943 MB/s
[   11.055658] raid6: sse2x2   xor()  7875 MB/s
[   11.126420] raid6: sse2x4   gen() 10310 MB/s
[   11.194704] raid6: sse2x4   xor()  8935 MB/s
[   11.262611] raid6: avx2x1   gen() 16925 MB/s
[   11.330716] raid6: avx2x2   gen() 18879 MB/s
[   11.398673] raid6: avx2x4   gen() 22362 MB/s
[   11.399977] raid6: using algorithm avx2x4 gen() 22362 MB/s
[   11.401289] raid6: using avx2x2 recovery algorithm
[   11.403802] xor: automatically using best checksumming function:
[   11.442453]    avx       : 21397.000 MB/sec
[   11.444398] async_tx: api initialized (async)
[   11.457465] md: raid6 personality registered for level 6
[   11.459052] md: raid5 personality registered for level 5
[   11.460246] md: raid4 personality registered for level 4
[   11.470415] md: raid10 personality registered for level 10
done.
Begin: Running /scripts/init-premount ... done.
Begin: Mounting root file system ... Begin: Running /scripts/local-top ... done.
Begin: Running /scripts/local-premount ... [   11.509748] Btrfs loaded
Scanning for Btrfs filesystems
done.
Warning: fsck not present, so skipping root file system
[   11.542900] EXT4-fs (sda1): mounted filesystem with ordered data mode. Opts: (null)
done.
Begin: Running /scripts/local-bottom ... done.
Begin: Running /scripts/init-bottom ... done.
[   11.645858] systemd[1]: systemd 229 running in system mode. (+PAM +AUDIT +SELINUX +IMA +APPARMOR +SMACK +SYSVINIT +UTMP +LIBCRYPTSETUP +GCRYPT +GNUTLS +ACL +XZ -LZ4 +SECCOMP +BLKID +ELFUTILS +KMOD -IDN)
[   11.649699] systemd[1]: Detected virtualization oracle.
[   11.650885] systemd[1]: Detected architecture x86-64.

Welcome to [1mUbuntu 16.04.6 LTS[0m!

[   11.655302] systemd[1]: Set hostname to <ubuntu-xenial>.
[   11.802534] systemd[1]: Listening on udev Control Socket.
[[0;32m  OK  [0m] Listening on udev Control Socket.
[   11.811443] systemd[1]: Listening on Journal Audit Socket.
[[0;32m  OK  [0m] Listening on Journal Audit Socket.
[   11.823842] systemd[1]: Created slice System Slice.
[[0;32m  OK  [0m] Created slice System Slice.
[   11.825993] systemd[1]: Created slice system-serial\x2dgetty.slice.
[[0;32m  OK  [0m] Created slice system-serial\x2dgetty.slice.
[   11.828007] systemd[1]: Started Trigger resolvconf update for networkd DNS.
[[0;32m  OK  [0m] Started Trigger resolvconf update for networkd DNS.
[   11.830284] systemd[1]: Listening on udev Kernel Socket.
[[0;32m  OK  [0m] Listening on udev Kernel Socket.
[   11.838616] systemd[1]: Listening on /dev/initctl Compatibility Named Pipe.
[[0;32m  OK  [0m] Listening on /dev/initctl Compatibility Named Pipe.
[   11.841279] systemd[1]: Reached target Encrypted Volumes.
[[0;32m  OK  [0m] Reached target Encrypted Volumes.
[   11.851424] systemd[1]: Created slice User and Session Slice.
[[0;32m  OK  [0m] Created slice User and Session Slice.
[   11.853503] systemd[1]: Reached target Slices.
[[0;32m  OK  [0m] Reached target Slices.
[   11.862920] systemd[1]: Reached target Swap.
[[0;32m  OK  [0m] Reached target Swap.
[   11.870792] systemd[1]: Reached target System Time Synchronized.
[[0;32m  OK  [0m] Reached target System Time Synchronized.
[   11.879125] systemd[1]: Listening on LVM2 poll daemon socket.
[[0;32m  OK  [0m] Listening on LVM2 poll daemon socket.
[   11.886981] systemd[1]: Set up automount Arbitrary Executable File Formats File System Automount Point.
[[0;32m  OK  [0m] Set up automount Arbitrary Executab...ats File System Automount Point.
[   11.889993] systemd[1]: Listening on Device-mapper event daemon FIFOs.
[[0;32m  OK  [0m] Listening on Device-mapper event daemon FIFOs.
[   11.898650] systemd[1]: Reached target User and Group Name Lookups.
[[0;32m  OK  [0m] Reached target User and Group Name Lookups.
[   11.901384] systemd[1]: Listening on Journal Socket (/dev/log).
[[0;32m  OK  [0m] Listening on Journal Socket (/dev/log).
[   11.911364] systemd[1]: Listening on Syslog Socket.
[[0;32m  OK  [0m] Listening on Syslog Socket.
[   11.913832] systemd[1]: Listening on Journal Socket.
[[0;32m  OK  [0m] Listening on Journal Socket.
[   11.930883] systemd[1]: Starting Nameserver information manager...
         Starting Nameserver information manager...
[   11.940494] systemd[1]: Starting Load Kernel Modules...
         Starting Load Kernel Modules...
[   11.950641] Loading iSCSI transport class v2.0-870.
[   11.951249] systemd[1]: Starting Set console keymap...
         Starting Set console keymap...
[   11.955518] systemd[1]: Mounting Debug File System...
         Mounting Debug File System...
[   11.963342] systemd[1]: Starting Uncomplicated firewall...
[   11.965284] iscsi: registered transport (tcp)
         Starting Uncomplicated firewall...
[   11.967906] systemd[1]: Starting Remount Root and Kernel File Systems...
         Starting Remount Root and Kernel File Systems...
[   11.987747] EXT4-fs (sda1): re-mounted. Opts: (null)
[   12.006885] systemd[1]: Mounting POSIX Message Queue File System...
         Mounting POSIX Message Queue File System...
[   12.009908] systemd[1]: Mounting Huge Pages File System...
         Mounting Huge Pages File System...
[   12.012779] systemd[1]: Starting Create list of required static device nodes for the current kernel...
         Starting Create list of required st... nodes for the current kernel...
[   12.016920] systemd[1]: Starting Journal Service...
         Starting Journal Service...
[   12.021036] iscsi: registered transport (iser)
[   12.026841] systemd[1]: Listening on LVM2 metadata daemon socket.
[[0;32m  OK  [0m] Listening on LVM2 metadata daemon socket.
[   12.070917] systemd[1]: Starting Monitoring of LVM2 mirrors, snapshots etc. using dmeventd or progress polling...
         Starting Monitoring of LVM2 mirrors... dmeventd or progress polling...
[   12.093211] systemd[1]: Started Forward Password Requests to Wall Directory Watch.
[[0;32m  OK  [0m] Started Forward Password Requests to Wall Directory Watch.
[   12.115810] systemd[1]: Mounted POSIX Message Queue File System.
[[0;32m  OK  [0m] Mounted POSIX Message Queue File System.
[   12.123110] systemd[1]: Mounted Debug File System.
[[0;32m  OK  [0m] Mounted Debug File System.
[   12.124865] systemd[1]: Mounted Huge Pages File System.
[[0;32m  OK  [0m] Mounted Huge Pages File System.
[   12.134905] systemd[1]: Started Journal Service.
[[0;32m  OK  [0m] Started Journal Service.
[[0;32m  OK  [0m] Started Load Kernel Modules.
[[0;32m  OK  [0m] Started Set console keymap.
[[0;32m  OK  [0m] Started Uncomplicated firewall.
[[0;32m  OK  [0m] Started Remount Root and Kernel File Systems.
[[0;32m  OK  [0m] Started Create list of required sta...ce nodes for the current kernel.
[[0;32m  OK  [0m] Started Nameserver information manager.
[[0;32m  OK  [0m] Started LVM2 metadata daemon.
         Starting Create Static Device Nodes in /dev...
         Starting udev Coldplug all Devices...
         Starting Load/Save Random Seed...
         Mounting FUSE Control File System...
         Starting Apply Kernel Variables...
         Starting Flush Journal to Persistent Storage...
[[0;32m  OK  [0m] Mounted FUSE Control File System.
[[0;32m  OK  [0m] Started Load/Save Random Seed.
[[0;32m  OK  [0m] Started Apply Kernel Variables.
[[0;32m  OK  [0m] Started Flush Journal to Persistent Storage.
[[0;32m  OK  [0m] Started Create Static Device Nodes in /dev.
         Starting udev Kernel Device Manager...
[[0;32m  OK  [0m] Started udev Kernel Device Manager.
[[0;32m  OK  [0m] Started udev Coldplug all Devices.
[[0;32m  OK  [0m] Started Dispatch Password Requests to Console Directory Watch.
[[0;32m  OK  [0m] Found device /dev/ttyS0.
[[0;32m  OK  [0m] Listening on Load/Save RF Kill Switch Status /dev/rfkill Watch.
[[0;32m  OK  [0m] Started Monitoring of LVM2 mirrors,...ng dmeventd or progress polling.
[[0;32m  OK  [0m] Reached target Local File Systems (Pre).
[[0;32m  OK  [0m] Reached target Local File Systems.
         Starting LSB: AppArmor initialization...
         Starting Create Volatile Files and Directories...
         Starting Set console font and keymap...
         Starting Tell Plymouth To Write Out Runtime Data...
         Starting Initial cloud-init job (pre-networking)...
[[0;32m  OK  [0m] Started Create Volatile Files and Directories.
[[0;32m  OK  [0m] Started Tell Plymouth To Write Out Runtime Data.
         Starting Update UTMP about System Boot/Shutdown...
[[0;32m  OK  [0m] Found device 82540EM Gigabit Ethern...r (PRO/1000 MT Desktop Adapter).
[[0;32m  OK  [0m] Found device 82540EM Gigabit Ethern...r (PRO/1000 MT Desktop Adapter).
[[0;32m  OK  [0m] Started Update UTMP about System Boot/Shutdown.
[[0;32m  OK  [0m] Started Set console font and keymap.
[[0;32m  OK  [0m] Created slice system-getty.slice.
[[0;32m  OK  [0m] Started LSB: AppArmor initialization.
         Starting Load AppArmor profiles managed internally by snapd...
[[0;32m  OK  [0m] Started Load AppArmor profiles managed internally by snapd.
[   14.131123] cloud-init[678]: Cloud-init v. 20.2-45-g5f7825e2-0ubuntu1~16.04.1 running 'init-local' at Mon, 27 Jul 2020 15:19:34 +0000. Up 13.83 seconds.
[[0;32m  OK  [0m] Started Initial cloud-init job (pre-networking).
[[0;32m  OK  [0m] Reached target Network (Pre).
[[0;32m  OK  [0m] Started ifup for enp0s3.
[[0;32m  OK  [0m] Started ifup for enp0s8.
         Starting Raise network interfaces...
[[0;32m  OK  [0m] Started Raise network interfaces.
[[0;32m  OK  [0m] Reached target Network.
         Starting Initial cloud-init job (metadata service crawler)...
[   14.914899] cloud-init[1084]: Cloud-init v. 20.2-45-g5f7825e2-0ubuntu1~16.04.1 running 'init' at Mon, 27 Jul 2020 15:19:35 +0000. Up 14.61 seconds.
[   14.920899] cloud-init[1084]: ci-info: ++++++++++++++++++++++++++++++++++++++Net device info+++++++++++++++++++++++++++++++++++++++
[   14.921952] cloud-init[1084]: ci-info: +--------+------+-----------------------------+---------------+--------+-------------------+
[   14.928468] cloud-init[1084]: ci-info: | Device |  Up  |           Address           |      Mask     | Scope  |     Hw-Address    |
[   14.936799] cloud-init[1084]: ci-info: +--------+------+-----------------------------+---------------+--------+-------------------+
[   14.945207] cloud-init[1084]: ci-info: | enp0s3 | True |          10.0.2.15          | 255.255.255.0 | global | 02:e5:f9:b1:f5:c2 |
[   14.956950] [cloud-init[0;32m  OK  [0m[1084]: ] ci-info: | enp0s3 | True |  fe80::e5:f9ff:feb1:f5c2/64 |       .       |  link  | 02:e5:f9:b1:f5:c2 |Started Initial cloud-init job (metadata service crawler).

[   14.964647] [cloud-init[0;32m  OK  [0m[1084]: ] ci-info: | enp0s8 | True |        192.168.10.100       | 255.255.255.0 | global | 08:00:27:98:1b:90 |Reached target Network is Online.

[   14.965656] cloud-init[1084]: ci-info: | enp0s8 | True | fe80::a00:27ff:fe98:1b90/64 |       .       |  link  | 08:00:27:98:1b:90 |
[   14.972408] cloud-init[1084]: ci-info: |   lo   | True |          127.0.0.1          |   255.0.0.0   |  host  |         .         |
[   14.974462] cloud-init[1084]: ci-info: |   lo   | True |           ::1/128           |       .       |  host  |         .         |
[   14.980628]          cloud-initStarting iSCSI initiator daemon (iscsid)...[1084]: 
[[0;32m  OK  [0m] Reached target Cloud-config availability.
[[0;32m  OK  [0m] Reached target System Initialization.
ci-info: +--------+------+-----------------------------+---------------+--------+-------------------+
[   14.989118] [cloud-init[0;32m  OK  [0m[1084]: ] ci-info: ++++++++++++++++++++++++++++Route IPv4 info++++++++++++++++++++++++++++Started ACPI Events Check.

[[0;32m  OK  [0m] Reached target Paths.
[   14.990388] cloud-init[1084]: ci-info: +-------+--------------+----------+---------------+-----------+-------+
[   14.997667]          cloud-initStarting Socket activation for snappy daemon.[1084]: 
ci-info: | Route | Destination  | Gateway  |    Genmask    | Interface | Flags |
[   15.004643]          cloud-initStarting LXD - unix socket.[1084]: 
ci-info: +-------+--------------+----------+---------------+-----------+-------+
[   15.005839] [cloud-init[0;32m  OK  [0m[1084]: ] ci-info: |   0   |   0.0.0.0    | 10.0.2.2 |    0.0.0.0    |   enp0s3  |   UG  |Started Message of the Day.

[[0;32m  OK  [0m] Listening on ACPID Listen Socket.
[[0;32m  OK  [0m] Started Daily Cleanup of Temporary Directories.
[   15.007049] cloud-init[1084]: ci-info: |   1   |   10.0.2.0   | 0.0.0.0  | 255.255.255.0 |   enp0s3  |   U   |
[[0;32m  OK  [0m] Started Daily apt download activities.
[[0;32m  OK  [0m] Started Daily apt upgrade and clean activities.
[[0;32m  OK  [0m] Reached target Timers.
[   15.014134] cloud-init[1084]: ci-info: |   2   | 192.168.10.0 | 0.0.0.0  | 255.255.255.0 |   enp0s8  |   U   |
[   15.028176] [cloud-init[0;32m  OK  [0m[1084]: ] ci-info: +-------+--------------+----------+---------------+-----------+-------+Listening on D-Bus System Message Bus Socket.

[   15.029400] [[0;32m  OK  [0m] Listening on UUID daemon activation socket.
cloud-init[1084]: ci-info: +++++++++++++++++++Route IPv6 info+++++++++++++++++++
[   15.036845] cloud-init[1084]: ci-info: +-------+-------------+---------+-----------+-------+
[   15.044653] [cloud-init[0;32m  OK  [0m[1084]: ] ci-info: | Route | Destination | Gateway | Interface | Flags |Listening on Socket activation for snappy daemon.

[[0;32m  OK  [0m] Listening on LXD - unix socket.
[   15.045779] cloud-init[1084]: ci-info: +-------+-------------+---------+-----------+-------+
[   15.060297] [cloud-init[0;32m  OK  [0m[1084]: ] ci-info: |   0   |  fe80::/64  |    ::   |   enp0s8  |   U   |Started iSCSI initiator daemon (iscsid).

[   15.069114] cloud-init[1084]: ci-info: |   1   |  fe80::/64  |    ::   |   enp0s3  |   U   |
[   15.077110]          Starting Login to default iSCSI targets...
[[0;32m  OK  [0m] Reached target Sockets.
[[0;32m  OK  [0m] Reached target Basic System.
cloud-init[1084]: ci-info: |   4   |   ff00::/8  |    ::   |   enp0s8  |   U   |
[   15.084837] [[0;32m  OK  [0m] Started D-Bus System Message Bus.
cloud-init[1084]: ci-info: |   5   |   ff00::/8  |    ::   |   enp0s3  |   U   |
[   15.092713] cloud-init[1084]: ci-info: +-------+-------------+---------+-----------+-------+
[[0;32m  OK  [0m] Started ACPI event daemon.
[[0;32m  OK  [0m] Started Deferred execution scheduler.
         Starting /etc/rc.local Compatibility...
[[0;32m  OK  [0m] Started Regular background program processing daemon.
         Starting LSB: MD monitoring daemon...
         Starting A high performance web server and a reverse proxy server...
         Starting Accounts Service...
         Starting LXD - container startup/shutdown...
         Starting Login Service...
         Starting System Logging Service...
         Starting LSB: Record successful boot for GRUB...
[[0;32m  OK  [0m] Started FUSE filesystem for LXC.
         Starting Virtualbox guest utils...
         Starting Snap Daemon...
         Starting OpenBSD Secure Shell server...
[[0;32m  OK  [0m] Started /etc/rc.local Compatibility.
[[0;32m  OK  [0m] Started Login Service.
[[0;32m  OK  [0m] Started Unattended Upgrades Shutdown.
[[0;32m  OK  [0m] Started System Logging Service.
[[0;32m  OK  [0m] Started LSB: Record successful boot for GRUB.
[[0;32m  OK  [0m] Started LSB: MD monitoring daemon.
[[0;32m  OK  [0m] Started Login to default iSCSI targets.
         Starting Authenticate and Authorize Users to Run Privileged Tasks...
[[0;32m  OK  [0m] Reached target Remote File Systems (Pre).
[[0;32m  OK  [0m] Reached target Remote File Systems.
         Starting LSB: automatic crash report generation...
         Starting LSB: daemon to balance interrupts for SMP systems...
         Starting Permit User Sessions...
         Starting LSB: Set the CPU Frequency Scaling governor to "ondemand"...
[[0;32m  OK  [0m] Started OpenBSD Secure Shell server.
[[0;32m  OK  [0m] Started Permit User Sessions.
         Starting Hold until boot process finishes up...
         Starting Terminate Plymouth Boot Screen...
[[0;32m  OK  [0m] Started Hold until boot process finishes up.
[[0;32m  OK  [0m] Started Serial Getty on ttyS0.
[[0;32m  OK  [0m] Started Getty on tty1.
[[0;32m  OK  [0m] Reached target Login Prompts.
         Starting Set console scheme...
[[0;32m  OK  [0m] Started Terminate Plymouth Boot Screen.
[[0;32m  OK  [0m] Started Set console scheme.
[[0;32m  OK  [0m] Started LSB: automatic crash report generation.
[[0;32m  OK  [0m] Started LSB: Set the CPU Frequency Scaling governor to "ondemand".
[[0;32m  OK  [0m] Started LSB: daemon to balance interrupts for SMP systems.
[[0;32m  OK  [0m] Started Virtualbox guest utils.
[[0;32m  OK  [0m] Started Authenticate and Authorize Users to Run Privileged Tasks.
[[0;32m  OK  [0m] Started A high performance web server and a reverse proxy server.
[[0;32m  OK  [0m] Started Accounts Service.
[[0;32m  OK  [0m] Started LXD - container startup/shutdown.
[[0;32m  OK  [0m] Started Snap Daemon.
         Starting Wait until snapd is fully seeded...
[[0;32m  OK  [0m] Started Wait until snapd is fully seeded.
         Starting Apply the settings specified in cloud-config...
[[0;32m  OK  [0m] Reached target Multi-User System.
[[0;32m  OK  [0m] Reached target Graphical Interface.
         Starting Update UTMP about System Runlevel Changes...
[[0;32m  OK  [0m] Started Update UTMP about System Runlevel Changes.
[   16.760249] cloud-init[1352]: Cloud-init v. 20.2-45-g5f7825e2-0ubuntu1~16.04.1 running 'modules:config' at Mon, 27 Jul 2020 15:19:37 +0000. Up 16.67 seconds.
[[0;32m  OK  [0m] Started Apply the settings specified in cloud-config.
         Starting Execute cloud user/final scripts...
[   17.324325] cloud-init[1368]: Cloud-init v. 20.2-45-g5f7825e2-0ubuntu1~16.04.1 running 'modules:final' at Mon, 27 Jul 2020 15:19:37 +0000. Up 17.13 seconds.
[   17.332735] cloud-init[1368]: Cloud-init v. 20.2-45-g5f7825e2-0ubuntu1~16.04.1 finished at Mon, 27 Jul 2020 15:19:37 +0000. Datasource DataSourceNoCloud [seed=/dev/sdb][dsmode=net].  Up 17.31 seconds
[[0;32m  OK  [0m] Started Execute cloud user/final scripts.
[[0;32m  OK  [0m] Reached target Cloud-init target.

Ubuntu 16.04.6 LTS ubuntu-xenial ttyS0

ubuntu-xenial login: 